<?xml version="1.0" encoding="UTF-8"?>
<!-- Generated by org.testng.reporters.JUnitXMLReporter -->
<testsuite ignored="0" hostname="DESKTOP-FNT04ES" failures="1" tests="1" name="Test1" time="13.367" errors="0" timestamp="2021-11-30T14:13:38 BDT">
  <testcase classname="com.Tests.TC_000_Login" name="Login" time="5.676">
    <failure type="java.lang.IllegalArgumentException" message="Cannot find elements when the XPath is null.">
      <![CDATA[java.lang.IllegalArgumentException: Cannot find elements when the XPath is null.
at org.openqa.selenium.By$ByXPath.<init>(By.java:380)
at org.openqa.selenium.By.xpath(By.java:98)
at com.Tests.TC_000_Login.Login(TC_000_Login.java:110)
at java.base/java.util.ArrayList.forEach(ArrayList.java:1511)
... Removed 27 stack frames]]>
    </failure>
  </testcase> <!-- Login -->
</testsuite> <!-- Test1 -->
