<?xml version="1.0" encoding="UTF-8"?>
<!-- Generated by org.testng.reporters.JUnitXMLReporter -->
<testsuite ignored="0" hostname="DESKTOP-KHBPI04" failures="1" tests="1" name="Test3" time="18.419" errors="0" timestamp="2021-11-04T14:13:22 BDT">
  <testcase classname="com.Tests.TC_002_DoctorManagement_Specializations" name="Specializations" time="13.575">
    <failure type="java.lang.IllegalStateException" message="Cannot get a STRING value from a NUMERIC cell">
      <![CDATA[java.lang.IllegalStateException: Cannot get a STRING value from a NUMERIC cell
at org.apache.poi.xssf.usermodel.XSSFCell.typeMismatch(XSSFCell.java:1047)
at org.apache.poi.xssf.usermodel.XSSFCell.getRichStringCellValue(XSSFCell.java:404)
at org.apache.poi.xssf.usermodel.XSSFCell.getStringCellValue(XSSFCell.java:356)
at com.Tests.TC_002_DoctorManagement_Specializations.Specializations(TC_002_DoctorManagement_Specializations.java:61)
at java.base/java.util.ArrayList.forEach(ArrayList.java:1511)
... Removed 27 stack frames]]>
    </failure>
  </testcase> <!-- Specializations -->
</testsuite> <!-- Test3 -->
