<?xml version="1.0" encoding="UTF-8"?>
<testng-results ignored="0" total="2" passed="0" failed="0" skipped="2">
  <reporter-output>
  </reporter-output>
  <suite started-at="2021-10-19T18:45:33 BDT" name="Suite" finished-at="2021-10-19T18:45:33 BDT" duration-ms="699">
    <groups>
    </groups>
    <test started-at="2021-10-19T18:45:33 BDT" name="Test2" finished-at="2021-10-19T18:45:33 BDT" duration-ms="283">
      <class name="com.Tests.TC001_MedicalCenter_MedicalCenterTypes">
        <test-method is-config="true" signature="broswerConfig(java.lang.String)[pri:0, instance:com.Tests.TC001_MedicalCenter_MedicalCenterTypes@209da20d]" started-at="2021-10-19T18:45:33 BDT" name="broswerConfig" finished-at="1970-01-01T06:00:00 BDT" duration-ms="-1634647533485" status="SKIP">
          <reporter-output>
          </reporter-output>
        </test-method> <!-- broswerConfig -->
        <test-method is-config="true" signature="login()[pri:0, instance:com.Tests.TC001_MedicalCenter_MedicalCenterTypes@209da20d]" started-at="2021-10-19T18:45:33 BDT" name="login" finished-at="1970-01-01T06:00:00 BDT" duration-ms="-1634647533505" status="SKIP">
          <reporter-output>
          </reporter-output>
        </test-method> <!-- login -->
        <test-method signature="MedicalCentreTypes()[pri:-1, instance:com.Tests.TC001_MedicalCenter_MedicalCenterTypes@209da20d]" started-at="2021-10-19T18:45:33 BDT" name="MedicalCentreTypes" finished-at="2021-10-19T18:45:33 BDT" duration-ms="0" status="SKIP">
          <reporter-output>
          </reporter-output>
        </test-method> <!-- MedicalCentreTypes -->
        <test-method is-config="true" signature="close()[pri:0, instance:com.Tests.TC001_MedicalCenter_MedicalCenterTypes@209da20d]" started-at="2021-10-19T18:45:33 BDT" name="close" finished-at="1970-01-01T06:00:00 BDT" duration-ms="-1634647533526" status="SKIP">
          <reporter-output>
          </reporter-output>
        </test-method> <!-- close -->
      </class> <!-- com.Tests.TC001_MedicalCenter_MedicalCenterTypes -->
    </test> <!-- Test2 -->
    <test started-at="2021-10-19T18:45:33 BDT" name="Test3" finished-at="2021-10-19T18:45:33 BDT" duration-ms="36">
      <class name="com.Tests.TC001_MedicalCenter_MedicalCenterTypes2">
        <test-method is-config="true" signature="copy()[pri:0, instance:com.Tests.TC001_MedicalCenter_MedicalCenterTypes2@659499f1]" started-at="2021-10-19T18:45:33 BDT" name="copy" finished-at="2021-10-19T18:45:33 BDT" duration-ms="22" status="FAIL">
          <exception class="java.io.FileNotFoundException">
            <message>
              <![CDATA[E:\Automation\copied\TEST DATA.xlsx (The process cannot access the file because it is being used by another process)]]>
            </message>
            <full-stacktrace>
              <![CDATA[java.io.FileNotFoundException: E:\Automation\copied\TEST DATA.xlsx (The process cannot access the file because it is being used by another process)
at java.base/java.io.FileOutputStream.open0(Native Method)
at java.base/java.io.FileOutputStream.open(FileOutputStream.java:291)
at java.base/java.io.FileOutputStream.<init>(FileOutputStream.java:234)
at java.base/java.io.FileOutputStream.<init>(FileOutputStream.java:184)
at org.apache.commons.io.FileUtils.doCopyFile(FileUtils.java:1123)
at org.apache.commons.io.FileUtils.copyFile(FileUtils.java:1076)
at org.apache.commons.io.FileUtils.copyFile(FileUtils.java:1028)
at Others.CopyPaste.copyFile(CopyPaste.java:19)
at com.Common.BaseClass.copy(BaseClass.java:31)
at java.base/jdk.internal.reflect.NativeMethodAccessorImpl.invoke0(Native Method)
at java.base/jdk.internal.reflect.NativeMethodAccessorImpl.invoke(NativeMethodAccessorImpl.java:64)
at java.base/jdk.internal.reflect.DelegatingMethodAccessorImpl.invoke(DelegatingMethodAccessorImpl.java:43)
at java.base/java.lang.reflect.Method.invoke(Method.java:564)
at org.testng.internal.MethodInvocationHelper.invokeMethod(MethodInvocationHelper.java:132)
at org.testng.internal.MethodInvocationHelper.invokeMethodConsideringTimeout(MethodInvocationHelper.java:61)
at org.testng.internal.ConfigInvoker.invokeConfigurationMethod(ConfigInvoker.java:366)
at org.testng.internal.ConfigInvoker.invokeConfigurations(ConfigInvoker.java:320)
at org.testng.SuiteRunner.privateRun(SuiteRunner.java:327)
at org.testng.SuiteRunner.run(SuiteRunner.java:286)
at org.testng.SuiteRunnerWorker.runSuite(SuiteRunnerWorker.java:53)
at org.testng.SuiteRunnerWorker.run(SuiteRunnerWorker.java:96)
at org.testng.TestNG.runSuitesSequentially(TestNG.java:1218)
at org.testng.TestNG.runSuitesLocally(TestNG.java:1140)
at org.testng.TestNG.runSuites(TestNG.java:1069)
at org.testng.TestNG.run(TestNG.java:1037)
at org.testng.remote.AbstractRemoteTestNG.run(AbstractRemoteTestNG.java:115)
at org.testng.remote.RemoteTestNG.initAndRun(RemoteTestNG.java:251)
at org.testng.remote.RemoteTestNG.main(RemoteTestNG.java:77)
]]>
            </full-stacktrace>
          </exception> <!-- java.io.FileNotFoundException -->
          <reporter-output>
          </reporter-output>
        </test-method> <!-- copy -->
        <test-method is-config="true" signature="broswerConfig(java.lang.String)[pri:0, instance:com.Tests.TC001_MedicalCenter_MedicalCenterTypes2@659499f1]" started-at="2021-10-19T18:45:33 BDT" name="broswerConfig" finished-at="1970-01-01T06:00:00 BDT" duration-ms="-1634647533921" status="SKIP">
          <reporter-output>
          </reporter-output>
        </test-method> <!-- broswerConfig -->
        <test-method is-config="true" signature="login()[pri:0, instance:com.Tests.TC001_MedicalCenter_MedicalCenterTypes2@659499f1]" started-at="2021-10-19T18:45:33 BDT" name="login" finished-at="1970-01-01T06:00:00 BDT" duration-ms="-1634647533927" status="SKIP">
          <reporter-output>
          </reporter-output>
        </test-method> <!-- login -->
        <test-method signature="MedicalCentreTypes()[pri:-1, instance:com.Tests.TC001_MedicalCenter_MedicalCenterTypes2@659499f1]" started-at="2021-10-19T18:45:33 BDT" name="MedicalCentreTypes" finished-at="2021-10-19T18:45:33 BDT" duration-ms="0" status="SKIP">
          <exception class="java.io.FileNotFoundException">
            <message>
              <![CDATA[E:\Automation\copied\TEST DATA.xlsx (The process cannot access the file because it is being used by another process)]]>
            </message>
            <full-stacktrace>
              <![CDATA[java.io.FileNotFoundException: E:\Automation\copied\TEST DATA.xlsx (The process cannot access the file because it is being used by another process)
at java.base/java.io.FileOutputStream.open0(Native Method)
at java.base/java.io.FileOutputStream.open(FileOutputStream.java:291)
at java.base/java.io.FileOutputStream.<init>(FileOutputStream.java:234)
at java.base/java.io.FileOutputStream.<init>(FileOutputStream.java:184)
at org.apache.commons.io.FileUtils.doCopyFile(FileUtils.java:1123)
at org.apache.commons.io.FileUtils.copyFile(FileUtils.java:1076)
at org.apache.commons.io.FileUtils.copyFile(FileUtils.java:1028)
at Others.CopyPaste.copyFile(CopyPaste.java:19)
at com.Common.BaseClass.copy(BaseClass.java:31)
at java.base/jdk.internal.reflect.NativeMethodAccessorImpl.invoke0(Native Method)
at java.base/jdk.internal.reflect.NativeMethodAccessorImpl.invoke(NativeMethodAccessorImpl.java:64)
at java.base/jdk.internal.reflect.DelegatingMethodAccessorImpl.invoke(DelegatingMethodAccessorImpl.java:43)
at java.base/java.lang.reflect.Method.invoke(Method.java:564)
at org.testng.internal.MethodInvocationHelper.invokeMethod(MethodInvocationHelper.java:132)
at org.testng.internal.MethodInvocationHelper.invokeMethodConsideringTimeout(MethodInvocationHelper.java:61)
at org.testng.internal.ConfigInvoker.invokeConfigurationMethod(ConfigInvoker.java:366)
at org.testng.internal.ConfigInvoker.invokeConfigurations(ConfigInvoker.java:320)
at org.testng.SuiteRunner.privateRun(SuiteRunner.java:327)
at org.testng.SuiteRunner.run(SuiteRunner.java:286)
at org.testng.SuiteRunnerWorker.runSuite(SuiteRunnerWorker.java:53)
at org.testng.SuiteRunnerWorker.run(SuiteRunnerWorker.java:96)
at org.testng.TestNG.runSuitesSequentially(TestNG.java:1218)
at org.testng.TestNG.runSuitesLocally(TestNG.java:1140)
at org.testng.TestNG.runSuites(TestNG.java:1069)
at org.testng.TestNG.run(TestNG.java:1037)
at org.testng.remote.AbstractRemoteTestNG.run(AbstractRemoteTestNG.java:115)
at org.testng.remote.RemoteTestNG.initAndRun(RemoteTestNG.java:251)
at org.testng.remote.RemoteTestNG.main(RemoteTestNG.java:77)
]]>
            </full-stacktrace>
          </exception> <!-- java.io.FileNotFoundException -->
          <reporter-output>
          </reporter-output>
        </test-method> <!-- MedicalCentreTypes -->
        <test-method is-config="true" signature="close()[pri:0, instance:com.Tests.TC001_MedicalCenter_MedicalCenterTypes2@659499f1]" started-at="2021-10-19T18:45:33 BDT" name="close" finished-at="1970-01-01T06:00:00 BDT" duration-ms="-1634647533941" status="SKIP">
          <reporter-output>
          </reporter-output>
        </test-method> <!-- close -->
      </class> <!-- com.Tests.TC001_MedicalCenter_MedicalCenterTypes2 -->
    </test> <!-- Test3 -->
  </suite> <!-- Suite -->
</testng-results>
